<?xml version="1.0" encoding="UTF-8"?>
<!-- Generated by org.testng.reporters.JUnitReportReporter -->
<testsuite hostname="DESKTOP-101KER0" failures="0" tests="1" name="com.api.Base_TestApi" time="10.422" errors="0" timestamp="2023-01-05T00:23:57 IST" skipped="0">
  <testcase classname="com.api.Base_TestApi" name="RestAssuredPOst" time="10.422"/>
  <system-out/>
</testsuite> <!-- com.api.Base_TestApi -->
